{"/Users/evertonbraga/Documents/code/ignite/aulas/01-fundamentos-reactjs/src/App.jsx": {"path":"/Users/evertonbraga/Documents/code/ignite/aulas/01-fundamentos-reactjs/src/App.jsx","statementMap":{"0":{"start":{"line":4,"column":2},"end":{"line":9,"column":4}}},"fnMap":{"0":{"name":"App","decl":{"start":{"line":3,"column":16},"end":{"line":3,"column":19}},"loc":{"start":{"line":3,"column":22},"end":{"line":10,"column":1}},"line":3}},"branchMap":{},"s":{"0":1},"f":{"0":1},"b":{},"_coverageSchema":"1a1c01bbd47fc00a2c39e90264f33305004495a9","hash":"9f79f3ccb382595295717bf40aea82a5e49811c2"}
,"/Users/evertonbraga/Documents/code/ignite/aulas/01-fundamentos-reactjs/src/Post.jsx": {"path":"/Users/evertonbraga/Documents/code/ignite/aulas/01-fundamentos-reactjs/src/Post.jsx","statementMap":{"0":{"start":{"line":2,"column":2},"end":{"line":7,"column":4}}},"fnMap":{"0":{"name":"Post","decl":{"start":{"line":1,"column":16},"end":{"line":1,"column":20}},"loc":{"start":{"line":1,"column":42},"end":{"line":8,"column":1}},"line":1}},"branchMap":{},"s":{"0":3},"f":{"0":3},"b":{},"_coverageSchema":"1a1c01bbd47fc00a2c39e90264f33305004495a9","hash":"cc41a8646ce4063fe78776999e4af3ba0173ce7d"}
}
