TN:
SF:src/App.jsx
FN:7,App
FNF:1
FNH:1
FNDA:1,App
DA:8,1
LF:1
LH:1
BRF:0
BRH:0
end_of_record
TN:
SF:src/components/Avatar.jsx
FN:3,Avatar
FNF:1
FNH:1
FNDA:48,Avatar
DA:4,48
LF:1
LH:1
BRDA:3,0,0,33
BRDA:6,1,0,15
BRDA:6,1,1,33
BRF:3
BRH:3
end_of_record
TN:
SF:src/components/Comment.jsx
FN:5,Comment
FNF:1
FNH:1
FNDA:32,Comment
DA:6,32
LF:1
LH:1
BRF:0
BRH:0
end_of_record
TN:
SF:src/components/Header.jsx
FN:5,Header
FNF:1
FNH:1
FNDA:3,Header
DA:6,3
LF:1
LH:1
BRF:0
BRH:0
end_of_record
TN:
SF:src/components/Post.jsx
FN:6,Post
FN:49,(anonymous_1)
FN:50,(anonymous_2)
FNF:3
FNH:3
FNDA:9,Post
FNDA:1,(anonymous_1)
FNDA:1,(anonymous_2)
DA:7,9
DA:9,9
DA:49,1
DA:50,1
LF:4
LH:4
BRDA:55,0,0,1
BRDA:55,0,1,8
BRF:2
BRH:2
end_of_record
TN:
SF:src/components/Sidebar.jsx
FN:5,Sidebar
FNF:1
FNH:1
FNDA:5,Sidebar
DA:6,5
LF:1
LH:1
BRF:0
BRH:0
end_of_record
TN:
SF:src/stories/Avatar.stories.js
FN:25,(anonymous_0)
FN:34,(anonymous_1)
FNF:2
FNH:0
FNDA:0,(anonymous_0)
FNDA:0,(anonymous_1)
DA:19,0
DA:25,0
DA:28,0
DA:34,0
LF:4
LH:0
BRF:0
BRH:0
end_of_record
TN:
SF:src/stories/Button.jsx
FN:8,(anonymous_0)
FNF:1
FNH:0
FNDA:0,(anonymous_0)
DA:8,0
DA:9,0
DA:10,0
DA:22,0
DA:45,0
LF:5
LH:0
BRDA:9,0,0,0
BRDA:9,0,1,0
BRDA:14,1,0,0
BRDA:14,1,1,0
BRF:4
BRH:0
end_of_record
TN:
SF:src/stories/Button.stories.js
FNF:0
FNH:0
DA:20,0
DA:27,0
DA:33,0
DA:40,0
LF:4
LH:0
BRF:0
BRH:0
end_of_record
TN:
SF:src/stories/Header.jsx
FN:7,(anonymous_0)
FNF:1
FNH:0
FNDA:0,(anonymous_0)
DA:7,0
DA:8,0
DA:48,0
DA:57,0
LF:4
LH:0
BRDA:30,0,0,0
BRDA:30,0,1,0
BRF:2
BRH:0
end_of_record
TN:
SF:src/stories/Header.stories.js
FNF:0
FNH:0
DA:14,0
DA:22,0
LF:2
LH:0
BRF:0
BRH:0
end_of_record
TN:
SF:src/stories/Page.jsx
FN:6,(anonymous_0)
FN:13,(anonymous_1)
FN:14,(anonymous_2)
FN:15,(anonymous_3)
FNF:4
FNH:0
FNDA:0,(anonymous_0)
FNDA:0,(anonymous_1)
FNDA:0,(anonymous_2)
FNDA:0,(anonymous_3)
DA:6,0
DA:7,0
DA:9,0
DA:13,0
DA:14,0
DA:15,0
LF:6
LH:0
BRF:0
BRH:0
end_of_record
TN:
SF:src/stories/Page.stories.js
FN:18,(anonymous_0)
FNF:1
FNH:0
FNDA:0,(anonymous_0)
DA:14,0
DA:17,0
DA:19,0
DA:20,0
DA:21,0
DA:22,0
DA:23,0
DA:25,0
DA:26,0
LF:9
LH:0
BRF:0
BRH:0
end_of_record
