TN:
SF:src/App.jsx
FN:46,App
FN:53,(anonymous_1)
FNF:2
FNH:2
FNDA:2,App
FNDA:4,(anonymous_1)
DA:7,1
DA:47,2
DA:54,4
LF:3
LH:3
BRF:0
BRH:0
end_of_record
TN:
SF:src/components/Avatar/Avatar.jsx
FN:3,Avatar
FNF:1
FNH:1
FNDA:52,Avatar
DA:4,52
LF:1
LH:1
BRDA:3,0,0,36
BRDA:6,1,0,16
BRDA:6,1,1,36
BRF:3
BRH:3
end_of_record
TN:
SF:src/components/Comment/Comment.jsx
FN:5,Comment
FNF:1
FNH:1
FNDA:37,Comment
DA:6,37
LF:1
LH:1
BRF:0
BRH:0
end_of_record
TN:
SF:src/components/Header/Header.jsx
FN:5,Header
FNF:1
FNH:1
FNDA:3,Header
DA:6,3
LF:1
LH:1
BRF:0
BRH:0
end_of_record
TN:
SF:src/components/Post/Post.jsx
FN:10,Post
FN:24,(anonymous_1)
FN:28,(anonymous_2)
FN:29,(anonymous_3)
FN:59,(anonymous_4)
FN:74,(anonymous_5)
FN:85,(anonymous_6)
FNF:7
FNH:6
FNDA:10,Post
FNDA:0,(anonymous_1)
FNDA:1,(anonymous_2)
FNDA:1,(anonymous_3)
FNDA:30,(anonymous_4)
FNDA:1,(anonymous_5)
FNDA:30,(anonymous_6)
DA:8,2
DA:11,10
DA:13,10
DA:19,10
DA:24,10
DA:25,0
DA:28,10
DA:29,1
DA:30,1
DA:34,10
DA:60,30
DA:74,1
DA:86,30
LF:13
LH:12
BRDA:61,0,0,20
BRDA:61,0,1,10
BRDA:80,1,0,1
BRDA:80,1,1,9
BRF:4
BRH:4
end_of_record
TN:
SF:src/components/Sidebar/Sidebar.jsx
FN:5,Sidebar
FNF:1
FNH:1
FNDA:5,Sidebar
DA:6,5
LF:1
LH:1
BRF:0
BRH:0
end_of_record
TN:
SF:src/utils/utils.js
FN:1,(anonymous_0)
FNF:1
FNH:1
FNDA:1,(anonymous_0)
DA:1,1
DA:2,1
LF:2
LH:2
BRF:0
BRH:0
end_of_record
